<?xml version="1.0" encoding="UTF-8"?>
<!-- Generated by org.testng.reporters.JUnitReportReporter -->
<testsuite skipped="0" hostname="Rene-P1" name="com.restAssured.solution.users.PutRequest" tests="4" failures="0" timestamp="01 Jul 2020 16:13:21 GMT" time="2.110" errors="0">
  <testcase name="httpPutCall" time="0.673" classname="com.restAssured.solution.users.PutRequest"/>
  <testcase name="httpPutCall" time="0.677" classname="com.restAssured.solution.users.PutRequest"/>
  <testcase name="validatePutWithGetRequest" time="0.352" classname="com.restAssured.solution.users.PutRequest"/>
  <testcase name="validatePutWithGetRequest" time="0.408" classname="com.restAssured.solution.users.PutRequest"/>
</testsuite> <!-- com.restAssured.solution.users.PutRequest -->
