<?xml version="1.0" encoding="UTF-8"?>
<!-- Generated by org.testng.reporters.JUnitReportReporter -->
<testsuite skipped="0" hostname="Rene-P1" name="com.restAssured.solution.comments.PostRequest" tests="2" failures="0" timestamp="01 Jul 2020 16:13:21 GMT" time="1.311" errors="0">
  <testcase name="httpPostCall" time="0.949" classname="com.restAssured.solution.comments.PostRequest"/>
  <testcase name="validatePostWithGetRequest" time="0.362" classname="com.restAssured.solution.comments.PostRequest"/>
</testsuite> <!-- com.restAssured.solution.comments.PostRequest -->
