<?xml version="1.0" encoding="UTF-8"?>
<!-- Generated by org.testng.reporters.JUnitReportReporter -->
<testsuite skipped="0" hostname="Rene-P1" name="com.restAssured.solution.comments.PutRequest" tests="2" failures="0" timestamp="01 Jul 2020 16:13:21 GMT" time="1.362" errors="0">
  <testcase name="httpPutCall" time="1.061" classname="com.restAssured.solution.comments.PutRequest"/>
  <testcase name="validatePutWithGetRequest" time="0.301" classname="com.restAssured.solution.comments.PutRequest"/>
</testsuite> <!-- com.restAssured.solution.comments.PutRequest -->
