<?xml version="1.0" encoding="UTF-8"?>
<!-- Generated by org.testng.reporters.JUnitReportReporter -->
<testsuite skipped="0" hostname="Rene-P1" name="com.selenium.solution.tests.UserFiltersTest" tests="5" failures="0" timestamp="01 Jul 2020 16:13:21 GMT" time="44.025" errors="0">
  <testcase name="filter_User_By_Name_Email_Equals" time="8.470" classname="com.selenium.solution.tests.UserFiltersTest"/>
  <testcase name="filter_User_By_Name_Email_Contains" time="8.442" classname="com.selenium.solution.tests.UserFiltersTest"/>
  <testcase name="filter_User_By_Name_Email_EndsWith" time="9.382" classname="com.selenium.solution.tests.UserFiltersTest"/>
  <testcase name="filter_User_By_Date_From_To" time="9.184" classname="com.selenium.solution.tests.UserFiltersTest"/>
  <testcase name="filter_User_By_Name_Email_StartsWith" time="8.547" classname="com.selenium.solution.tests.UserFiltersTest"/>
</testsuite> <!-- com.selenium.solution.tests.UserFiltersTest -->
