<?xml version="1.0" encoding="UTF-8"?>
<!-- Generated by org.testng.reporters.JUnitReportReporter -->
<testsuite skipped="0" hostname="Rene-P1" name="com.restAssured.solution.users.PostRequest" tests="2" failures="0" timestamp="01 Jul 2020 16:13:21 GMT" time="2.618" errors="0">
  <testcase name="httpPostRequest" time="2.242" classname="com.restAssured.solution.users.PostRequest"/>
  <testcase name="validatePostWithGetRequest" time="0.376" classname="com.restAssured.solution.users.PostRequest"/>
</testsuite> <!-- com.restAssured.solution.users.PostRequest -->
