<?xml version="1.0" encoding="UTF-8"?>
<!-- Generated by org.testng.reporters.JUnitReportReporter -->
<testsuite skipped="0" hostname="Rene-P1" name="com.restAssured.solution.posts.PostsRequest" tests="2" failures="0" timestamp="01 Jul 2020 16:13:21 GMT" time="1.340" errors="0">
  <testcase name="httpPostCall" time="1.069" classname="com.restAssured.solution.posts.PostsRequest"/>
  <testcase name="validatePostWithGetRequest" time="0.271" classname="com.restAssured.solution.posts.PostsRequest"/>
</testsuite> <!-- com.restAssured.solution.posts.PostsRequest -->
