<?xml version="1.0" encoding="UTF-8"?>
<!-- Generated by org.testng.reporters.JUnitReportReporter -->
<testsuite skipped="0" hostname="Rene-P1" name="com.selenium.solution.tests.CreateNewUserTest" tests="3" failures="0" timestamp="01 Jul 2020 16:13:21 GMT" time="39.059" errors="0">
  <testcase name="createUserErrorValidation" time="14.697" classname="com.selenium.solution.tests.CreateNewUserTest"/>
  <testcase name="createsAndDeleteUsers" time="14.680" classname="com.selenium.solution.tests.CreateNewUserTest"/>
  <testcase name="createNewUser" time="9.682" classname="com.selenium.solution.tests.CreateNewUserTest"/>
</testsuite> <!-- com.selenium.solution.tests.CreateNewUserTest -->
